2025-12-28 15:01:57,204 | INFO | Starting pipeline...
2025-12-28 15:01:57,204 | INFO | Extracting raw data...
2025-12-28 15:01:57,214 | INFO | Cleaning datasets...
2025-12-28 15:01:57,221 | INFO | Running data quality checks...
2025-12-28 15:01:57,223 | INFO | Writing staging parquet files...
2025-12-28 15:01:57,250 | INFO | DONE: staging parquet files created in data/processed/
2026-01-02 12:08:14,306 | INFO | Starting pipeline...
2026-01-02 12:08:14,306 | INFO | Extracting raw data...
2026-01-02 12:08:14,338 | INFO | Cleaning datasets...
2026-01-02 12:08:14,354 | INFO | Running data quality checks...
2026-01-02 12:08:14,354 | INFO | Writing staging parquet files...
2026-01-02 12:08:14,447 | INFO | DONE: staging parquet files created in data/processed/
2026-01-02 12:08:30,765 | INFO | Starting pipeline...
2026-01-02 12:08:30,765 | INFO | Extracting raw data...
2026-01-02 12:08:30,777 | INFO | Cleaning datasets...
2026-01-02 12:08:30,785 | INFO | Running data quality checks...
2026-01-02 12:08:30,789 | INFO | Writing staging parquet files...
2026-01-02 12:08:30,825 | INFO | DONE: staging parquet files created in data/processed/
2026-01-04 14:20:31 | INFO    | __main__ | Starting pipeline...
2026-01-04 14:20:31 | INFO    | __main__ | Extracting raw data...
2026-01-04 14:20:31 | INFO    | __main__ | Cleaning datasets...
2026-01-04 14:20:31 | INFO    | __main__ | Running data quality checks...
2026-01-04 14:20:31 | INFO    | __main__ | Writing staging parquet files...
2026-01-04 14:20:31 | INFO    | __main__ | DONE: staging parquet files created in data/processed/
2026-01-04 14:26:21 | INFO    | __main__ | Starting pipeline...
2026-01-04 14:26:21 | INFO    | __main__ | Extracting raw data...
2026-01-04 14:26:21 | INFO    | __main__ | Cleaning datasets...
2026-01-04 14:26:21 | INFO    | __main__ | Running data quality checks...
2026-01-04 14:26:21 | INFO    | __main__ | Writing staging parquet files...
2026-01-04 14:26:21 | INFO    | __main__ | DONE: staging parquet files created in data/processed/
2026-01-04 14:33:56 | INFO    | __main__ | Starting pipeline...
2026-01-04 14:33:56 | INFO    | __main__ | Extracting raw data...
2026-01-04 14:33:56 | INFO    | __main__ | Cleaning datasets...
2026-01-04 14:33:56 | INFO    | __main__ | Running data quality checks...
2026-01-04 14:33:56 | INFO    | __main__ | Writing staging parquet files...
2026-01-04 14:33:56 | INFO    | __main__ | DONE: staging parquet files created in data/processed/
2026-01-04 14:34:01 | INFO    | __main__ | Loading Data Warehouse
2026-01-04 14:34:01 | INFO    | __main__ | DW load completed
2026-01-04 14:35:05 | INFO    | __main__ | Starting DW checks
2026-01-04 14:35:24 | INFO    | __main__ | Running insights
2026-01-04 14:35:24 | INFO    | numexpr.utils | Note: NumExpr detected 16 cores but "NUMEXPR_MAX_THREADS" not set, so enforcing safe limit of 8.
2026-01-04 14:35:24 | INFO    | numexpr.utils | NumExpr defaulting to 8 threads.
2026-01-04 14:35:24 | INFO    | __main__ | Insights execution finished
