2025-11-19 20:08:54 INFO     Cleaner started at 2025-11-19 20:08:54.276504
2025-11-19 20:08:54 INFO     Processing file -> ./files/songs\abel_pintos\3.txt
2025-11-19 20:08:54 INFO     Processing file -> ./files/songs\abel_pintos\5_siglos_igual.txt
2025-11-19 20:08:54 INFO     Processing file -> ./files/songs\abel_pintos\abismo.txt
2025-11-19 20:08:54 INFO     Processing file -> ./files/songs\abel_pintos\adios.txt
2025-11-19 20:08:54 INFO     Processing file -> ./files/songs\abel_pintos\alguien.txt
2025-11-19 20:08:54 INFO     Processing file -> ./files/songs\abel_pintos\alguna_vez.txt
2025-11-19 20:08:54 INFO     Processing file -> ./files/songs\abel_pintos\amame.txt
2025-11-19 20:08:54 INFO     Processing file -> ./files/songs\abel_pintos\anclada_en_mis_suenios.txt
2025-11-19 20:08:54 INFO     Processing file -> ./files/songs\abel_pintos\aqui.txt
2025-11-19 20:08:54 INFO     Processing file -> ./files/songs\abel_pintos\aqui_te_espero.txt
2025-11-19 20:08:54 INFO     Processing file -> ./files/songs\abel_pintos\arder_en_libertad.txt
2025-11-19 20:08:54 INFO     Processing file -> ./files/songs\abel_pintos\asuntos_pendientes.txt
2025-11-19 20:08:54 INFO     Processing file -> ./files/songs\abel_pintos\a_veces_pasa.txt
2025-11-19 20:08:54 INFO     Processing file -> ./files/songs\abel_pintos\bailando_con_tu_sombra.txt
2025-11-19 20:08:54 INFO     Processing file -> ./files/songs\abel_pintos\bailando_con_tu_sombra_aleli.txt
2025-11-19 20:08:54 INFO     Processing file -> ./files/songs\abel_pintos\como_te_extranio.txt
2025-11-19 20:08:54 INFO     Processing file -> ./files/songs\abel_pintos\el_adivino.txt
2025-11-19 20:08:54 INFO     Processing file -> ./files/songs\abel_pintos\la_llave.txt
2025-11-19 20:08:54 INFO     Processing file -> ./files/songs\abel_pintos\motivos.txt
2025-11-19 20:08:54 INFO     Processing file -> ./files/songs\abel_pintos\no_me_olvides.txt
2025-11-19 20:08:54 INFO     Processing file -> ./files/songs\abel_pintos\once_mil.txt
2025-11-19 20:08:54 INFO     Processing file -> ./files/songs\abel_pintos\sin_principio_ni_final.txt
2025-11-19 20:08:54 INFO     Processing file -> ./files/songs\abel_pintos\tanto_amor.txt
2025-11-19 20:08:54 INFO     Cleaner ended at 2025-11-19 20:08:54.469902
2025-11-19 20:08:54 INFO     Total duration: 0:00:00.193398
